-------------------------------------------------------------------------------
Test set: com.akka.training.EndToEndTests
-------------------------------------------------------------------------------
Tests run: 1, Failures: 1, Errors: 0, Skipped: 0, Time elapsed: 15.235 s <<< FAILURE! - in com.akka.training.EndToEndTests
brewCoffee(com.akka.training.EndToEndTests)  Time elapsed: 15.018 s  <<< FAILURE!
java.lang.AssertionError: Timeout (15 seconds) waiting for 1 messages on LoggingTestKitImpl(1,Some(INFO),None,None,Some(Barista: Picking up Akkaccino),None,None,Map(),true,None).
	at com.akka.training.EndToEndTests.brewCoffee(EndToEndTests.java:26)

