<?xml version="1.0" encoding="UTF-8"?>
<testsuite xmlns:xsi="http://www.w3.org/2001/XMLSchema-instance" xsi:noNamespaceSchemaLocation="https://maven.apache.org/surefire/maven-surefire-plugin/xsd/surefire-test-report.xsd" name="com.akka.training.BaristaTests" time="0.213" tests="5" errors="0" skipped="0" failures="3">
  <properties>
[...]
</properties>
  <testcase name="baristaShouldSendRequest" classname="com.akka.training.BaristaTests" time="0.191">
    <failure message="expected:&lt;1&gt; but was:&lt;0&gt;" type="java.lang.AssertionError"><![CDATA[java.lang.AssertionError: expected:<1> but was:<0>
	at com.akka.training.BaristaTests.baristaShouldSendRequest(BaristaTests.java:65)
]]></failure>
  </testcase>
  <testcase name="baristaShouldPickupCoffee" classname="com.akka.training.BaristaTests" time="0.002">
    <failure message="expected:&lt;1&gt; but was:&lt;0&gt;" type="java.lang.AssertionError"><![CDATA[java.lang.AssertionError: expected:<1> but was:<0>
	at com.akka.training.BaristaTests.baristaShouldPickupCoffee(BaristaTests.java:97)
]]></failure>
  </testcase>
  <testcase name="spawnCoffeeMachineChild" classname="com.akka.training.BaristaTests" time="0.001"/>
  <testcase name="baristaShouldHandleResponse" classname="com.akka.training.BaristaTests" time="0.002">
    <failure message="expected:&lt;1&gt; but was:&lt;0&gt;" type="java.lang.AssertionError"><![CDATA[java.lang.AssertionError: expected:<1> but was:<0>
	at com.akka.training.BaristaTests.baristaShouldHandleResponse(BaristaTests.java:82)
]]></failure>
  </testcase>
  <testcase name="baristaShouldLogReceivingOrder" classname="com.akka.training.BaristaTests" time="0.004"/>
</testsuite>