<?xml version="1.0" encoding="UTF-8"?>
<testsuite xmlns:xsi="http://www.w3.org/2001/XMLSchema-instance" xsi:noNamespaceSchemaLocation="https://maven.apache.org/surefire/maven-surefire-plugin/xsd/surefire-test-report.xsd" name="com.akka.training.EndToEndTests" time="15.235" tests="1" errors="0" skipped="0" failures="1">
  <properties>
[...]
</properties>
  <testcase name="brewCoffee" classname="com.akka.training.EndToEndTests" time="15.018">
    <failure message="Timeout (15 seconds) waiting for 1 messages on LoggingTestKitImpl(1,Some(INFO),None,None,Some(Barista: Picking up Akkaccino),None,None,Map(),true,None)." type="java.lang.AssertionError">java.lang.AssertionError: Timeout (15 seconds) waiting for 1 messages on LoggingTestKitImpl(1,Some(INFO),None,None,Some(Barista: Picking up Akkaccino),None,None,Map(),true,None).
	at com.akka.training.EndToEndTests.brewCoffee(EndToEndTests.java:26)
</failure>
    <system-out><![CDATA[15:18:36.170 [EndToEndTests-akka.actor.default-dispatcher-4] INFO akka.event.slf4j.Slf4jLogger - Slf4jLogger started
15:18:36.199 [main] DEBUG EndToEndTests - Starting ActorTestKit
15:18:36.204 [EndToEndTests-akka.actor.default-dispatcher-5] INFO com.akka.training.CoffeeMachine - CoffeeMachine: IDLE
15:18:36.206 [EndToEndTests-akka.actor.default-dispatcher-5] INFO com.akka.training.Barista - Orders:[Lisa->Akkaccino]
]]></system-out>
  </testcase>
</testsuite>